2025-05-10T19:18:03,366 [DEBUG] main org.pytorch.serve.util.ConfigManager - xpu-smi not available or failed: Cannot run program "xpu-smi": error=2, Нет такого файла или каталога
2025-05-10T19:18:03,366 [DEBUG] main org.pytorch.serve.util.ConfigManager - xpu-smi not available or failed: Cannot run program "xpu-smi": error=2, Нет такого файла или каталога
2025-05-10T19:18:03,597 [WARN ] main org.pytorch.serve.util.ConfigManager - Your torchserve instance can access any URL to load models. When deploying to production, make sure to limit the set of allowed_urls in config.properties
2025-05-10T19:18:03,597 [WARN ] main org.pytorch.serve.util.ConfigManager - Your torchserve instance can access any URL to load models. When deploying to production, make sure to limit the set of allowed_urls in config.properties
2025-05-10T19:18:03,762 [INFO ] main org.pytorch.serve.servingsdk.impl.PluginsManager - Initializing plugins manager...
2025-05-10T19:18:03,762 [INFO ] main org.pytorch.serve.servingsdk.impl.PluginsManager - Initializing plugins manager...
2025-05-10T19:18:04,253 [INFO ] main org.pytorch.serve.metrics.configuration.MetricConfiguration - Successfully loaded metrics configuration from /home/pupu/Desktop/project/.venv/lib/python3.12/site-packages/ts/configs/metrics.yaml
2025-05-10T19:18:04,253 [INFO ] main org.pytorch.serve.metrics.configuration.MetricConfiguration - Successfully loaded metrics configuration from /home/pupu/Desktop/project/.venv/lib/python3.12/site-packages/ts/configs/metrics.yaml
2025-05-10T19:18:04,689 [INFO ] main org.pytorch.serve.ModelServer - 
Torchserve version: 0.12.0
TS Home: /home/pupu/Desktop/project/.venv/lib/python3.12/site-packages
Current directory: /home/pupu/Desktop/project
Temp directory: /tmp
Metrics config path: /home/pupu/Desktop/project/.venv/lib/python3.12/site-packages/ts/configs/metrics.yaml
Number of GPUs: 1
Number of CPUs: 8
Max heap size: 3990 M
Python executable: /home/pupu/Desktop/project/.venv/bin/python
Config file: N/A
Inference address: http://127.0.0.1:8080
Management address: http://127.0.0.1:8081
Metrics address: http://127.0.0.1:8082
Model Store: /home/pupu/Desktop/project/there_is_our_server
Initial Models: my_model=my_model.mar
Log dir: /home/pupu/Desktop/project/logs
Metrics dir: /home/pupu/Desktop/project/logs
Netty threads: 0
Netty client threads: 0
Default workers per model: 1
Blacklist Regex: N/A
Maximum Response Size: 6553500
Maximum Request Size: 6553500
Limit Maximum Image Pixels: true
Prefer direct buffer: false
Allowed Urls: [file://.*|http(s)?://.*]
Custom python dependency for model allowed: false
Enable metrics API: true
Metrics mode: LOG
Disable system metrics: false
Workflow Store: /home/pupu/Desktop/project/there_is_our_server
CPP log config: N/A
Model config: N/A
System metrics command: default
Model API enabled: false
2025-05-10T19:18:04,689 [INFO ] main org.pytorch.serve.ModelServer - 
Torchserve version: 0.12.0
TS Home: /home/pupu/Desktop/project/.venv/lib/python3.12/site-packages
Current directory: /home/pupu/Desktop/project
Temp directory: /tmp
Metrics config path: /home/pupu/Desktop/project/.venv/lib/python3.12/site-packages/ts/configs/metrics.yaml
Number of GPUs: 1
Number of CPUs: 8
Max heap size: 3990 M
Python executable: /home/pupu/Desktop/project/.venv/bin/python
Config file: N/A
Inference address: http://127.0.0.1:8080
Management address: http://127.0.0.1:8081
Metrics address: http://127.0.0.1:8082
Model Store: /home/pupu/Desktop/project/there_is_our_server
Initial Models: my_model=my_model.mar
Log dir: /home/pupu/Desktop/project/logs
Metrics dir: /home/pupu/Desktop/project/logs
Netty threads: 0
Netty client threads: 0
Default workers per model: 1
Blacklist Regex: N/A
Maximum Response Size: 6553500
Maximum Request Size: 6553500
Limit Maximum Image Pixels: true
Prefer direct buffer: false
Allowed Urls: [file://.*|http(s)?://.*]
Custom python dependency for model allowed: false
Enable metrics API: true
Metrics mode: LOG
Disable system metrics: false
Workflow Store: /home/pupu/Desktop/project/there_is_our_server
CPP log config: N/A
Model config: N/A
System metrics command: default
Model API enabled: false
2025-05-10T19:18:04,845 [INFO ] main org.pytorch.serve.servingsdk.impl.PluginsManager -  Loading snapshot serializer plugin...
2025-05-10T19:18:04,845 [INFO ] main org.pytorch.serve.servingsdk.impl.PluginsManager -  Loading snapshot serializer plugin...
2025-05-10T19:18:04,942 [INFO ] main org.pytorch.serve.ModelServer - Loading initial models: my_model.mar
2025-05-10T19:18:04,942 [INFO ] main org.pytorch.serve.ModelServer - Loading initial models: my_model.mar
2025-05-10T19:18:06,500 [DEBUG] main org.pytorch.serve.wlm.ModelVersionedRefs - Adding new version 1.0 for model my_model
2025-05-10T19:18:06,500 [DEBUG] main org.pytorch.serve.wlm.ModelVersionedRefs - Adding new version 1.0 for model my_model
2025-05-10T19:18:06,500 [DEBUG] main org.pytorch.serve.wlm.ModelVersionedRefs - Setting default version to 1.0 for model my_model
2025-05-10T19:18:06,500 [DEBUG] main org.pytorch.serve.wlm.ModelVersionedRefs - Setting default version to 1.0 for model my_model
2025-05-10T19:18:06,500 [INFO ] main org.pytorch.serve.wlm.ModelManager - Model my_model loaded.
2025-05-10T19:18:06,500 [INFO ] main org.pytorch.serve.wlm.ModelManager - Model my_model loaded.
2025-05-10T19:18:06,500 [DEBUG] main org.pytorch.serve.wlm.ModelManager - updateModel: my_model, count: 1
2025-05-10T19:18:06,500 [DEBUG] main org.pytorch.serve.wlm.ModelManager - updateModel: my_model, count: 1
2025-05-10T19:18:06,547 [DEBUG] W-9000-my_model_1.0 org.pytorch.serve.wlm.WorkerLifeCycle - Worker cmdline: [/home/pupu/Desktop/project/.venv/bin/python, /home/pupu/Desktop/project/.venv/lib/python3.12/site-packages/ts/model_service_worker.py, --sock-type, unix, --sock-name, /tmp/.ts.sock.9000, --metrics-config, /home/pupu/Desktop/project/.venv/lib/python3.12/site-packages/ts/configs/metrics.yaml]
2025-05-10T19:18:06,547 [DEBUG] W-9000-my_model_1.0 org.pytorch.serve.wlm.WorkerLifeCycle - Worker cmdline: [/home/pupu/Desktop/project/.venv/bin/python, /home/pupu/Desktop/project/.venv/lib/python3.12/site-packages/ts/model_service_worker.py, --sock-type, unix, --sock-name, /tmp/.ts.sock.9000, --metrics-config, /home/pupu/Desktop/project/.venv/lib/python3.12/site-packages/ts/configs/metrics.yaml]
2025-05-10T19:18:06,560 [INFO ] main org.pytorch.serve.ModelServer - Initialize Inference server with: EpollServerSocketChannel.
2025-05-10T19:18:06,560 [INFO ] main org.pytorch.serve.ModelServer - Initialize Inference server with: EpollServerSocketChannel.
2025-05-10T19:18:06,987 [INFO ] main org.pytorch.serve.ModelServer - Inference API bind to: http://127.0.0.1:8080
2025-05-10T19:18:06,987 [INFO ] main org.pytorch.serve.ModelServer - Inference API bind to: http://127.0.0.1:8080
2025-05-10T19:18:06,987 [INFO ] main org.pytorch.serve.ModelServer - Initialize Management server with: EpollServerSocketChannel.
2025-05-10T19:18:06,987 [INFO ] main org.pytorch.serve.ModelServer - Initialize Management server with: EpollServerSocketChannel.
2025-05-10T19:18:06,989 [INFO ] main org.pytorch.serve.ModelServer - Management API bind to: http://127.0.0.1:8081
2025-05-10T19:18:06,989 [INFO ] main org.pytorch.serve.ModelServer - Management API bind to: http://127.0.0.1:8081
2025-05-10T19:18:06,990 [INFO ] main org.pytorch.serve.ModelServer - Initialize Metrics server with: EpollServerSocketChannel.
2025-05-10T19:18:06,990 [INFO ] main org.pytorch.serve.ModelServer - Initialize Metrics server with: EpollServerSocketChannel.
2025-05-10T19:18:06,991 [INFO ] main org.pytorch.serve.ModelServer - Metrics API bind to: http://127.0.0.1:8082
2025-05-10T19:18:06,991 [INFO ] main org.pytorch.serve.ModelServer - Metrics API bind to: http://127.0.0.1:8082
2025-05-10T19:18:10,123 [WARN ] pool-3-thread-1 org.pytorch.serve.metrics.MetricCollector - worker pid is not available yet.
2025-05-10T19:18:10,123 [WARN ] pool-3-thread-1 org.pytorch.serve.metrics.MetricCollector - worker pid is not available yet.
2025-05-10T19:18:21,458 [INFO ] pool-3-thread-1 TS_METRICS - CPUUtilization.Percent:25.0|#Level:Host|#hostname:pupu-Stvullinc,timestamp:1746886701
2025-05-10T19:18:21,461 [INFO ] pool-3-thread-1 TS_METRICS - DiskAvailable.Gigabytes:57.938838958740234|#Level:Host|#hostname:pupu-Stvullinc,timestamp:1746886701
2025-05-10T19:18:21,461 [INFO ] pool-3-thread-1 TS_METRICS - DiskUsage.Gigabytes:80.24300765991211|#Level:Host|#hostname:pupu-Stvullinc,timestamp:1746886701
2025-05-10T19:18:21,461 [INFO ] pool-3-thread-1 TS_METRICS - DiskUtilization.Percent:58.1|#Level:Host|#hostname:pupu-Stvullinc,timestamp:1746886701
2025-05-10T19:18:21,462 [INFO ] pool-3-thread-1 TS_METRICS - GPUMemoryUtilization.Percent:3.47900390625|#Level:Host,DeviceId:0|#hostname:pupu-Stvullinc,timestamp:1746886701
2025-05-10T19:18:21,462 [INFO ] pool-3-thread-1 TS_METRICS - GPUMemoryUsed.Megabytes:285.0|#Level:Host,DeviceId:0|#hostname:pupu-Stvullinc,timestamp:1746886701
2025-05-10T19:18:21,462 [INFO ] pool-3-thread-1 TS_METRICS - GPUUtilization.Percent:5.0|#Level:Host,DeviceId:0|#hostname:pupu-Stvullinc,timestamp:1746886701
2025-05-10T19:18:21,462 [INFO ] pool-3-thread-1 TS_METRICS - MemoryAvailable.Megabytes:11589.42578125|#Level:Host|#hostname:pupu-Stvullinc,timestamp:1746886701
2025-05-10T19:18:21,463 [INFO ] pool-3-thread-1 TS_METRICS - MemoryUsed.Megabytes:3981.34765625|#Level:Host|#hostname:pupu-Stvullinc,timestamp:1746886701
2025-05-10T19:18:21,463 [INFO ] pool-3-thread-1 TS_METRICS - MemoryUtilization.Percent:27.4|#Level:Host|#hostname:pupu-Stvullinc,timestamp:1746886701
2025-05-10T19:18:26,283 [INFO ] W-9000-my_model_1.0-stdout MODEL_LOG - s_name_part0=/tmp/.ts.sock, s_name_part1=9000, pid=4899
2025-05-10T19:18:26,286 [INFO ] W-9000-my_model_1.0-stdout MODEL_LOG - Listening on port: /tmp/.ts.sock.9000
2025-05-10T19:18:26,286 [INFO ] W-9000-my_model_1.0-stdout MODEL_LOG - Successfully loaded /home/pupu/Desktop/project/.venv/lib/python3.12/site-packages/ts/configs/metrics.yaml.
2025-05-10T19:18:26,287 [INFO ] W-9000-my_model_1.0-stdout MODEL_LOG - [PID]4899
2025-05-10T19:18:26,287 [INFO ] W-9000-my_model_1.0-stdout MODEL_LOG - Torch worker started.
2025-05-10T19:18:26,287 [INFO ] W-9000-my_model_1.0-stdout MODEL_LOG - Python runtime: 3.12.3
2025-05-10T19:18:26,288 [DEBUG] W-9000-my_model_1.0 org.pytorch.serve.wlm.WorkerThread - W-9000-my_model_1.0 State change null -> WORKER_STARTED
2025-05-10T19:18:26,288 [DEBUG] W-9000-my_model_1.0 org.pytorch.serve.wlm.WorkerThread - W-9000-my_model_1.0 State change null -> WORKER_STARTED
2025-05-10T19:18:26,339 [INFO ] W-9000-my_model_1.0 org.pytorch.serve.wlm.WorkerThread - Connecting to: /tmp/.ts.sock.9000
2025-05-10T19:18:26,339 [INFO ] W-9000-my_model_1.0 org.pytorch.serve.wlm.WorkerThread - Connecting to: /tmp/.ts.sock.9000
2025-05-10T19:18:26,358 [INFO ] W-9000-my_model_1.0-stdout MODEL_LOG - Connection accepted: /tmp/.ts.sock.9000.
2025-05-10T19:18:26,362 [DEBUG] W-9000-my_model_1.0 org.pytorch.serve.wlm.WorkerThread - Flushing req.cmd LOAD repeats 1 to backend at: 1746886706362
2025-05-10T19:18:26,362 [DEBUG] W-9000-my_model_1.0 org.pytorch.serve.wlm.WorkerThread - Flushing req.cmd LOAD repeats 1 to backend at: 1746886706362
2025-05-10T19:18:26,366 [INFO ] W-9000-my_model_1.0 org.pytorch.serve.wlm.WorkerThread - Looping backend response at: 1746886706366
2025-05-10T19:18:26,366 [INFO ] W-9000-my_model_1.0 org.pytorch.serve.wlm.WorkerThread - Looping backend response at: 1746886706366
2025-05-10T19:18:26,414 [INFO ] W-9000-my_model_1.0-stdout MODEL_LOG - model_name: my_model, batchSize: 1
2025-05-10T19:18:32,934 [INFO ] W-9000-my_model_1.0-stdout MODEL_LOG - OpenVINO is not enabled
2025-05-10T19:18:33,479 [INFO ] W-9000-my_model_1.0-stdout MODEL_LOG - ONNX enabled
2025-05-10T19:18:33,480 [INFO ] W-9000-my_model_1.0-stdout MODEL_LOG - Torch TensorRT not enabled
2025-05-10T19:18:34,657 [INFO ] W-9000-my_model_1.0 org.pytorch.serve.wlm.WorkerThread - Backend response time: 8291
2025-05-10T19:18:34,657 [INFO ] W-9000-my_model_1.0 org.pytorch.serve.wlm.WorkerThread - Backend response time: 8291
2025-05-10T19:18:34,658 [DEBUG] W-9000-my_model_1.0 org.pytorch.serve.wlm.WorkerThread - W-9000-my_model_1.0 State change WORKER_STARTED -> WORKER_MODEL_LOADED
2025-05-10T19:18:34,658 [DEBUG] W-9000-my_model_1.0 org.pytorch.serve.wlm.WorkerThread - W-9000-my_model_1.0 State change WORKER_STARTED -> WORKER_MODEL_LOADED
2025-05-10T19:18:34,658 [INFO ] W-9000-my_model_1.0 TS_METRICS - WorkerLoadTime.Milliseconds:28125.0|#WorkerName:W-9000-my_model_1.0,Level:Host|#hostname:pupu-Stvullinc,timestamp:1746886714
2025-05-10T19:18:34,659 [INFO ] W-9000-my_model_1.0 TS_METRICS - WorkerThreadTime.Milliseconds:6.0|#Level:Host|#hostname:pupu-Stvullinc,timestamp:1746886714
2025-05-10T19:19:10,600 [INFO ] pool-3-thread-1 TS_METRICS - CPUUtilization.Percent:0.0|#Level:Host|#hostname:pupu-Stvullinc,timestamp:1746886750
2025-05-10T19:19:10,601 [INFO ] pool-3-thread-1 TS_METRICS - DiskAvailable.Gigabytes:57.93876647949219|#Level:Host|#hostname:pupu-Stvullinc,timestamp:1746886750
2025-05-10T19:19:10,601 [INFO ] pool-3-thread-1 TS_METRICS - DiskUsage.Gigabytes:80.24308013916016|#Level:Host|#hostname:pupu-Stvullinc,timestamp:1746886750
2025-05-10T19:19:10,602 [INFO ] pool-3-thread-1 TS_METRICS - DiskUtilization.Percent:58.1|#Level:Host|#hostname:pupu-Stvullinc,timestamp:1746886750
2025-05-10T19:19:10,602 [INFO ] pool-3-thread-1 TS_METRICS - GPUMemoryUtilization.Percent:5.96923828125|#Level:Host,DeviceId:0|#hostname:pupu-Stvullinc,timestamp:1746886750
2025-05-10T19:19:10,603 [INFO ] pool-3-thread-1 TS_METRICS - GPUMemoryUsed.Megabytes:489.0|#Level:Host,DeviceId:0|#hostname:pupu-Stvullinc,timestamp:1746886750
2025-05-10T19:19:10,603 [INFO ] pool-3-thread-1 TS_METRICS - GPUUtilization.Percent:0.0|#Level:Host,DeviceId:0|#hostname:pupu-Stvullinc,timestamp:1746886750
2025-05-10T19:19:10,603 [INFO ] pool-3-thread-1 TS_METRICS - MemoryAvailable.Megabytes:11188.140625|#Level:Host|#hostname:pupu-Stvullinc,timestamp:1746886750
2025-05-10T19:19:10,604 [INFO ] pool-3-thread-1 TS_METRICS - MemoryUsed.Megabytes:4371.8359375|#Level:Host|#hostname:pupu-Stvullinc,timestamp:1746886750
2025-05-10T19:19:10,604 [INFO ] pool-3-thread-1 TS_METRICS - MemoryUtilization.Percent:29.9|#Level:Host|#hostname:pupu-Stvullinc,timestamp:1746886750
2025-05-10T19:20:10,597 [INFO ] pool-3-thread-1 TS_METRICS - CPUUtilization.Percent:0.0|#Level:Host|#hostname:pupu-Stvullinc,timestamp:1746886810
2025-05-10T19:20:10,597 [INFO ] pool-3-thread-1 TS_METRICS - DiskAvailable.Gigabytes:57.93873977661133|#Level:Host|#hostname:pupu-Stvullinc,timestamp:1746886810
2025-05-10T19:20:10,598 [INFO ] pool-3-thread-1 TS_METRICS - DiskUsage.Gigabytes:80.24310684204102|#Level:Host|#hostname:pupu-Stvullinc,timestamp:1746886810
2025-05-10T19:20:10,598 [INFO ] pool-3-thread-1 TS_METRICS - DiskUtilization.Percent:58.1|#Level:Host|#hostname:pupu-Stvullinc,timestamp:1746886810
2025-05-10T19:20:10,599 [INFO ] pool-3-thread-1 TS_METRICS - GPUMemoryUtilization.Percent:5.96923828125|#Level:Host,DeviceId:0|#hostname:pupu-Stvullinc,timestamp:1746886810
2025-05-10T19:20:10,599 [INFO ] pool-3-thread-1 TS_METRICS - GPUMemoryUsed.Megabytes:489.0|#Level:Host,DeviceId:0|#hostname:pupu-Stvullinc,timestamp:1746886810
2025-05-10T19:20:10,600 [INFO ] pool-3-thread-1 TS_METRICS - GPUUtilization.Percent:0.0|#Level:Host,DeviceId:0|#hostname:pupu-Stvullinc,timestamp:1746886810
2025-05-10T19:20:10,600 [INFO ] pool-3-thread-1 TS_METRICS - MemoryAvailable.Megabytes:11189.69140625|#Level:Host|#hostname:pupu-Stvullinc,timestamp:1746886810
2025-05-10T19:20:10,601 [INFO ] pool-3-thread-1 TS_METRICS - MemoryUsed.Megabytes:4370.24609375|#Level:Host|#hostname:pupu-Stvullinc,timestamp:1746886810
2025-05-10T19:20:10,601 [INFO ] pool-3-thread-1 TS_METRICS - MemoryUtilization.Percent:29.9|#Level:Host|#hostname:pupu-Stvullinc,timestamp:1746886810
2025-05-10T19:21:10,650 [INFO ] pool-3-thread-1 TS_METRICS - CPUUtilization.Percent:0.0|#Level:Host|#hostname:pupu-Stvullinc,timestamp:1746886870
2025-05-10T19:21:10,651 [INFO ] pool-3-thread-1 TS_METRICS - DiskAvailable.Gigabytes:57.93873596191406|#Level:Host|#hostname:pupu-Stvullinc,timestamp:1746886870
2025-05-10T19:21:10,651 [INFO ] pool-3-thread-1 TS_METRICS - DiskUsage.Gigabytes:80.24311065673828|#Level:Host|#hostname:pupu-Stvullinc,timestamp:1746886870
2025-05-10T19:21:10,652 [INFO ] pool-3-thread-1 TS_METRICS - DiskUtilization.Percent:58.1|#Level:Host|#hostname:pupu-Stvullinc,timestamp:1746886870
2025-05-10T19:21:10,652 [INFO ] pool-3-thread-1 TS_METRICS - GPUMemoryUtilization.Percent:5.96923828125|#Level:Host,DeviceId:0|#hostname:pupu-Stvullinc,timestamp:1746886870
2025-05-10T19:21:10,653 [INFO ] pool-3-thread-1 TS_METRICS - GPUMemoryUsed.Megabytes:489.0|#Level:Host,DeviceId:0|#hostname:pupu-Stvullinc,timestamp:1746886870
2025-05-10T19:21:10,653 [INFO ] pool-3-thread-1 TS_METRICS - GPUUtilization.Percent:0.0|#Level:Host,DeviceId:0|#hostname:pupu-Stvullinc,timestamp:1746886870
2025-05-10T19:21:10,653 [INFO ] pool-3-thread-1 TS_METRICS - MemoryAvailable.Megabytes:11194.171875|#Level:Host|#hostname:pupu-Stvullinc,timestamp:1746886870
2025-05-10T19:21:10,654 [INFO ] pool-3-thread-1 TS_METRICS - MemoryUsed.Megabytes:4364.796875|#Level:Host|#hostname:pupu-Stvullinc,timestamp:1746886870
2025-05-10T19:21:10,654 [INFO ] pool-3-thread-1 TS_METRICS - MemoryUtilization.Percent:29.9|#Level:Host|#hostname:pupu-Stvullinc,timestamp:1746886870
2025-05-10T19:22:10,596 [INFO ] pool-3-thread-1 TS_METRICS - CPUUtilization.Percent:33.3|#Level:Host|#hostname:pupu-Stvullinc,timestamp:1746886930
2025-05-10T19:22:10,596 [INFO ] pool-3-thread-1 TS_METRICS - DiskAvailable.Gigabytes:57.938682556152344|#Level:Host|#hostname:pupu-Stvullinc,timestamp:1746886930
2025-05-10T19:22:10,597 [INFO ] pool-3-thread-1 TS_METRICS - DiskUsage.Gigabytes:80.2431640625|#Level:Host|#hostname:pupu-Stvullinc,timestamp:1746886930
2025-05-10T19:22:10,597 [INFO ] pool-3-thread-1 TS_METRICS - DiskUtilization.Percent:58.1|#Level:Host|#hostname:pupu-Stvullinc,timestamp:1746886930
2025-05-10T19:22:10,597 [INFO ] pool-3-thread-1 TS_METRICS - GPUMemoryUtilization.Percent:5.96923828125|#Level:Host,DeviceId:0|#hostname:pupu-Stvullinc,timestamp:1746886930
2025-05-10T19:22:10,598 [INFO ] pool-3-thread-1 TS_METRICS - GPUMemoryUsed.Megabytes:489.0|#Level:Host,DeviceId:0|#hostname:pupu-Stvullinc,timestamp:1746886930
2025-05-10T19:22:10,598 [INFO ] pool-3-thread-1 TS_METRICS - GPUUtilization.Percent:0.0|#Level:Host,DeviceId:0|#hostname:pupu-Stvullinc,timestamp:1746886930
2025-05-10T19:22:10,598 [INFO ] pool-3-thread-1 TS_METRICS - MemoryAvailable.Megabytes:11177.828125|#Level:Host|#hostname:pupu-Stvullinc,timestamp:1746886930
2025-05-10T19:22:10,599 [INFO ] pool-3-thread-1 TS_METRICS - MemoryUsed.Megabytes:4386.16015625|#Level:Host|#hostname:pupu-Stvullinc,timestamp:1746886930
2025-05-10T19:22:10,599 [INFO ] pool-3-thread-1 TS_METRICS - MemoryUtilization.Percent:30.0|#Level:Host|#hostname:pupu-Stvullinc,timestamp:1746886930
2025-05-10T19:22:41,845 [INFO ] epollEventLoopGroup-3-1 TS_METRICS - ts_inference_requests_total.Count:1.0|#model_name:my_model,model_version:default|#hostname:pupu-Stvullinc,timestamp:1746886961
2025-05-10T19:22:41,848 [DEBUG] W-9000-my_model_1.0 org.pytorch.serve.wlm.WorkerThread - Flushing req.cmd PREDICT repeats 1 to backend at: 1746886961847
2025-05-10T19:22:41,848 [DEBUG] W-9000-my_model_1.0 org.pytorch.serve.wlm.WorkerThread - Flushing req.cmd PREDICT repeats 1 to backend at: 1746886961847
2025-05-10T19:22:41,848 [INFO ] W-9000-my_model_1.0 org.pytorch.serve.wlm.WorkerThread - Looping backend response at: 1746886961848
2025-05-10T19:22:41,848 [INFO ] W-9000-my_model_1.0 org.pytorch.serve.wlm.WorkerThread - Looping backend response at: 1746886961848
2025-05-10T19:22:41,850 [INFO ] W-9000-my_model_1.0-stdout MODEL_LOG - Backend received inference at: 1746886961
2025-05-10T19:22:46,053 [INFO ] W-9000-my_model_1.0-stdout org.pytorch.serve.wlm.WorkerLifeCycle - result=[METRICS]HandlerTime.Milliseconds:4201.92|#ModelName:my_model,Level:Model|#type:GAUGE|#hostname:pupu-Stvullinc,1746886966,d27d196b-75cd-41eb-9750-cd13d74d6e03, pattern=[METRICS]
2025-05-10T19:22:46,053 [INFO ] W-9000-my_model_1.0-stdout org.pytorch.serve.wlm.WorkerLifeCycle - result=[METRICS]HandlerTime.Milliseconds:4201.92|#ModelName:my_model,Level:Model|#type:GAUGE|#hostname:pupu-Stvullinc,1746886966,d27d196b-75cd-41eb-9750-cd13d74d6e03, pattern=[METRICS]
2025-05-10T19:22:46,054 [INFO ] W-9000-my_model_1.0 org.pytorch.serve.wlm.BatchAggregator - Sending response for jobId d27d196b-75cd-41eb-9750-cd13d74d6e03
2025-05-10T19:22:46,054 [INFO ] W-9000-my_model_1.0 org.pytorch.serve.wlm.BatchAggregator - Sending response for jobId d27d196b-75cd-41eb-9750-cd13d74d6e03
2025-05-10T19:22:46,054 [INFO ] W-9000-my_model_1.0-stdout MODEL_METRICS - HandlerTime.ms:4201.92|#ModelName:my_model,Level:Model|#hostname:pupu-Stvullinc,requestID:d27d196b-75cd-41eb-9750-cd13d74d6e03,timestamp:1746886966
2025-05-10T19:22:46,055 [INFO ] W-9000-my_model_1.0-stdout org.pytorch.serve.wlm.WorkerLifeCycle - result=[METRICS]PredictionTime.Milliseconds:4202.17|#ModelName:my_model,Level:Model|#type:GAUGE|#hostname:pupu-Stvullinc,1746886966,d27d196b-75cd-41eb-9750-cd13d74d6e03, pattern=[METRICS]
2025-05-10T19:22:46,055 [INFO ] W-9000-my_model_1.0-stdout org.pytorch.serve.wlm.WorkerLifeCycle - result=[METRICS]PredictionTime.Milliseconds:4202.17|#ModelName:my_model,Level:Model|#type:GAUGE|#hostname:pupu-Stvullinc,1746886966,d27d196b-75cd-41eb-9750-cd13d74d6e03, pattern=[METRICS]
2025-05-10T19:22:46,055 [INFO ] W-9000-my_model_1.0-stdout MODEL_METRICS - PredictionTime.ms:4202.17|#ModelName:my_model,Level:Model|#hostname:pupu-Stvullinc,requestID:d27d196b-75cd-41eb-9750-cd13d74d6e03,timestamp:1746886966
2025-05-10T19:22:46,055 [INFO ] W-9000-my_model_1.0 ACCESS_LOG - /127.0.0.1:39132 "POST /predictions/my_model HTTP/1.1" 200 4212
2025-05-10T19:22:46,056 [INFO ] W-9000-my_model_1.0 TS_METRICS - Requests2XX.Count:1.0|#Level:Host|#hostname:pupu-Stvullinc,timestamp:1746886966
2025-05-10T19:22:46,056 [INFO ] W-9000-my_model_1.0 TS_METRICS - ts_inference_latency_microseconds.Microseconds:4206726.161|#model_name:my_model,model_version:default|#hostname:pupu-Stvullinc,timestamp:1746886966
2025-05-10T19:22:46,057 [INFO ] W-9000-my_model_1.0 TS_METRICS - ts_queue_latency_microseconds.Microseconds:184.763|#model_name:my_model,model_version:default|#hostname:pupu-Stvullinc,timestamp:1746886966
2025-05-10T19:22:46,057 [DEBUG] W-9000-my_model_1.0 org.pytorch.serve.job.RestJob - Waiting time ns: 184763, Backend time ns: 4209339056
2025-05-10T19:22:46,057 [DEBUG] W-9000-my_model_1.0 org.pytorch.serve.job.RestJob - Waiting time ns: 184763, Backend time ns: 4209339056
2025-05-10T19:22:46,057 [INFO ] W-9000-my_model_1.0 TS_METRICS - QueueTime.Milliseconds:0.0|#Level:Host|#hostname:pupu-Stvullinc,timestamp:1746886966
2025-05-10T19:22:46,057 [INFO ] W-9000-my_model_1.0 org.pytorch.serve.wlm.WorkerThread - Backend response time: 4206
2025-05-10T19:22:46,057 [INFO ] W-9000-my_model_1.0 org.pytorch.serve.wlm.WorkerThread - Backend response time: 4206
2025-05-10T19:22:46,057 [INFO ] W-9000-my_model_1.0 TS_METRICS - WorkerThreadTime.Milliseconds:4.0|#Level:Host|#hostname:pupu-Stvullinc,timestamp:1746886966
2025-05-10T19:23:10,597 [INFO ] pool-3-thread-1 TS_METRICS - CPUUtilization.Percent:0.0|#Level:Host|#hostname:pupu-Stvullinc,timestamp:1746886990
2025-05-10T19:23:10,598 [INFO ] pool-3-thread-1 TS_METRICS - DiskAvailable.Gigabytes:57.93867111206055|#Level:Host|#hostname:pupu-Stvullinc,timestamp:1746886990
2025-05-10T19:23:10,599 [INFO ] pool-3-thread-1 TS_METRICS - DiskUsage.Gigabytes:80.2431755065918|#Level:Host|#hostname:pupu-Stvullinc,timestamp:1746886990
2025-05-10T19:23:10,599 [INFO ] pool-3-thread-1 TS_METRICS - DiskUtilization.Percent:58.1|#Level:Host|#hostname:pupu-Stvullinc,timestamp:1746886990
2025-05-10T19:23:10,600 [INFO ] pool-3-thread-1 TS_METRICS - GPUMemoryUtilization.Percent:7.11669921875|#Level:Host,DeviceId:0|#hostname:pupu-Stvullinc,timestamp:1746886990
2025-05-10T19:23:10,600 [INFO ] pool-3-thread-1 TS_METRICS - GPUMemoryUsed.Megabytes:583.0|#Level:Host,DeviceId:0|#hostname:pupu-Stvullinc,timestamp:1746886990
2025-05-10T19:23:10,601 [INFO ] pool-3-thread-1 TS_METRICS - GPUUtilization.Percent:1.0|#Level:Host,DeviceId:0|#hostname:pupu-Stvullinc,timestamp:1746886990
2025-05-10T19:23:10,601 [INFO ] pool-3-thread-1 TS_METRICS - MemoryAvailable.Megabytes:10973.58203125|#Level:Host|#hostname:pupu-Stvullinc,timestamp:1746886990
2025-05-10T19:23:10,601 [INFO ] pool-3-thread-1 TS_METRICS - MemoryUsed.Megabytes:4586.40234375|#Level:Host|#hostname:pupu-Stvullinc,timestamp:1746886990
2025-05-10T19:23:10,602 [INFO ] pool-3-thread-1 TS_METRICS - MemoryUtilization.Percent:31.2|#Level:Host|#hostname:pupu-Stvullinc,timestamp:1746886990
