2025-05-10T19:18:21,458 - CPUUtilization.Percent:25.0|#Level:Host|#hostname:pupu-Stvullinc,timestamp:1746886701
2025-05-10T19:18:21,461 - DiskAvailable.Gigabytes:57.938838958740234|#Level:Host|#hostname:pupu-Stvullinc,timestamp:1746886701
2025-05-10T19:18:21,461 - DiskUsage.Gigabytes:80.24300765991211|#Level:Host|#hostname:pupu-Stvullinc,timestamp:1746886701
2025-05-10T19:18:21,461 - DiskUtilization.Percent:58.1|#Level:Host|#hostname:pupu-Stvullinc,timestamp:1746886701
2025-05-10T19:18:21,462 - GPUMemoryUtilization.Percent:3.47900390625|#Level:Host,DeviceId:0|#hostname:pupu-Stvullinc,timestamp:1746886701
2025-05-10T19:18:21,462 - GPUMemoryUsed.Megabytes:285.0|#Level:Host,DeviceId:0|#hostname:pupu-Stvullinc,timestamp:1746886701
2025-05-10T19:18:21,462 - GPUUtilization.Percent:5.0|#Level:Host,DeviceId:0|#hostname:pupu-Stvullinc,timestamp:1746886701
2025-05-10T19:18:21,462 - MemoryAvailable.Megabytes:11589.42578125|#Level:Host|#hostname:pupu-Stvullinc,timestamp:1746886701
2025-05-10T19:18:21,463 - MemoryUsed.Megabytes:3981.34765625|#Level:Host|#hostname:pupu-Stvullinc,timestamp:1746886701
2025-05-10T19:18:21,463 - MemoryUtilization.Percent:27.4|#Level:Host|#hostname:pupu-Stvullinc,timestamp:1746886701
2025-05-10T19:18:34,658 - WorkerLoadTime.Milliseconds:28125.0|#WorkerName:W-9000-my_model_1.0,Level:Host|#hostname:pupu-Stvullinc,timestamp:1746886714
2025-05-10T19:18:34,659 - WorkerThreadTime.Milliseconds:6.0|#Level:Host|#hostname:pupu-Stvullinc,timestamp:1746886714
2025-05-10T19:19:10,600 - CPUUtilization.Percent:0.0|#Level:Host|#hostname:pupu-Stvullinc,timestamp:1746886750
2025-05-10T19:19:10,601 - DiskAvailable.Gigabytes:57.93876647949219|#Level:Host|#hostname:pupu-Stvullinc,timestamp:1746886750
2025-05-10T19:19:10,601 - DiskUsage.Gigabytes:80.24308013916016|#Level:Host|#hostname:pupu-Stvullinc,timestamp:1746886750
2025-05-10T19:19:10,602 - DiskUtilization.Percent:58.1|#Level:Host|#hostname:pupu-Stvullinc,timestamp:1746886750
2025-05-10T19:19:10,602 - GPUMemoryUtilization.Percent:5.96923828125|#Level:Host,DeviceId:0|#hostname:pupu-Stvullinc,timestamp:1746886750
2025-05-10T19:19:10,603 - GPUMemoryUsed.Megabytes:489.0|#Level:Host,DeviceId:0|#hostname:pupu-Stvullinc,timestamp:1746886750
2025-05-10T19:19:10,603 - GPUUtilization.Percent:0.0|#Level:Host,DeviceId:0|#hostname:pupu-Stvullinc,timestamp:1746886750
2025-05-10T19:19:10,603 - MemoryAvailable.Megabytes:11188.140625|#Level:Host|#hostname:pupu-Stvullinc,timestamp:1746886750
2025-05-10T19:19:10,604 - MemoryUsed.Megabytes:4371.8359375|#Level:Host|#hostname:pupu-Stvullinc,timestamp:1746886750
2025-05-10T19:19:10,604 - MemoryUtilization.Percent:29.9|#Level:Host|#hostname:pupu-Stvullinc,timestamp:1746886750
2025-05-10T19:20:10,597 - CPUUtilization.Percent:0.0|#Level:Host|#hostname:pupu-Stvullinc,timestamp:1746886810
2025-05-10T19:20:10,597 - DiskAvailable.Gigabytes:57.93873977661133|#Level:Host|#hostname:pupu-Stvullinc,timestamp:1746886810
2025-05-10T19:20:10,598 - DiskUsage.Gigabytes:80.24310684204102|#Level:Host|#hostname:pupu-Stvullinc,timestamp:1746886810
2025-05-10T19:20:10,598 - DiskUtilization.Percent:58.1|#Level:Host|#hostname:pupu-Stvullinc,timestamp:1746886810
2025-05-10T19:20:10,599 - GPUMemoryUtilization.Percent:5.96923828125|#Level:Host,DeviceId:0|#hostname:pupu-Stvullinc,timestamp:1746886810
2025-05-10T19:20:10,599 - GPUMemoryUsed.Megabytes:489.0|#Level:Host,DeviceId:0|#hostname:pupu-Stvullinc,timestamp:1746886810
2025-05-10T19:20:10,600 - GPUUtilization.Percent:0.0|#Level:Host,DeviceId:0|#hostname:pupu-Stvullinc,timestamp:1746886810
2025-05-10T19:20:10,600 - MemoryAvailable.Megabytes:11189.69140625|#Level:Host|#hostname:pupu-Stvullinc,timestamp:1746886810
2025-05-10T19:20:10,601 - MemoryUsed.Megabytes:4370.24609375|#Level:Host|#hostname:pupu-Stvullinc,timestamp:1746886810
2025-05-10T19:20:10,601 - MemoryUtilization.Percent:29.9|#Level:Host|#hostname:pupu-Stvullinc,timestamp:1746886810
2025-05-10T19:21:10,650 - CPUUtilization.Percent:0.0|#Level:Host|#hostname:pupu-Stvullinc,timestamp:1746886870
2025-05-10T19:21:10,651 - DiskAvailable.Gigabytes:57.93873596191406|#Level:Host|#hostname:pupu-Stvullinc,timestamp:1746886870
2025-05-10T19:21:10,651 - DiskUsage.Gigabytes:80.24311065673828|#Level:Host|#hostname:pupu-Stvullinc,timestamp:1746886870
2025-05-10T19:21:10,652 - DiskUtilization.Percent:58.1|#Level:Host|#hostname:pupu-Stvullinc,timestamp:1746886870
2025-05-10T19:21:10,652 - GPUMemoryUtilization.Percent:5.96923828125|#Level:Host,DeviceId:0|#hostname:pupu-Stvullinc,timestamp:1746886870
2025-05-10T19:21:10,653 - GPUMemoryUsed.Megabytes:489.0|#Level:Host,DeviceId:0|#hostname:pupu-Stvullinc,timestamp:1746886870
2025-05-10T19:21:10,653 - GPUUtilization.Percent:0.0|#Level:Host,DeviceId:0|#hostname:pupu-Stvullinc,timestamp:1746886870
2025-05-10T19:21:10,653 - MemoryAvailable.Megabytes:11194.171875|#Level:Host|#hostname:pupu-Stvullinc,timestamp:1746886870
2025-05-10T19:21:10,654 - MemoryUsed.Megabytes:4364.796875|#Level:Host|#hostname:pupu-Stvullinc,timestamp:1746886870
2025-05-10T19:21:10,654 - MemoryUtilization.Percent:29.9|#Level:Host|#hostname:pupu-Stvullinc,timestamp:1746886870
2025-05-10T19:22:10,596 - CPUUtilization.Percent:33.3|#Level:Host|#hostname:pupu-Stvullinc,timestamp:1746886930
2025-05-10T19:22:10,596 - DiskAvailable.Gigabytes:57.938682556152344|#Level:Host|#hostname:pupu-Stvullinc,timestamp:1746886930
2025-05-10T19:22:10,597 - DiskUsage.Gigabytes:80.2431640625|#Level:Host|#hostname:pupu-Stvullinc,timestamp:1746886930
2025-05-10T19:22:10,597 - DiskUtilization.Percent:58.1|#Level:Host|#hostname:pupu-Stvullinc,timestamp:1746886930
2025-05-10T19:22:10,597 - GPUMemoryUtilization.Percent:5.96923828125|#Level:Host,DeviceId:0|#hostname:pupu-Stvullinc,timestamp:1746886930
2025-05-10T19:22:10,598 - GPUMemoryUsed.Megabytes:489.0|#Level:Host,DeviceId:0|#hostname:pupu-Stvullinc,timestamp:1746886930
2025-05-10T19:22:10,598 - GPUUtilization.Percent:0.0|#Level:Host,DeviceId:0|#hostname:pupu-Stvullinc,timestamp:1746886930
2025-05-10T19:22:10,598 - MemoryAvailable.Megabytes:11177.828125|#Level:Host|#hostname:pupu-Stvullinc,timestamp:1746886930
2025-05-10T19:22:10,599 - MemoryUsed.Megabytes:4386.16015625|#Level:Host|#hostname:pupu-Stvullinc,timestamp:1746886930
2025-05-10T19:22:10,599 - MemoryUtilization.Percent:30.0|#Level:Host|#hostname:pupu-Stvullinc,timestamp:1746886930
2025-05-10T19:22:41,845 - ts_inference_requests_total.Count:1.0|#model_name:my_model,model_version:default|#hostname:pupu-Stvullinc,timestamp:1746886961
2025-05-10T19:22:46,056 - Requests2XX.Count:1.0|#Level:Host|#hostname:pupu-Stvullinc,timestamp:1746886966
2025-05-10T19:22:46,056 - ts_inference_latency_microseconds.Microseconds:4206726.161|#model_name:my_model,model_version:default|#hostname:pupu-Stvullinc,timestamp:1746886966
2025-05-10T19:22:46,057 - ts_queue_latency_microseconds.Microseconds:184.763|#model_name:my_model,model_version:default|#hostname:pupu-Stvullinc,timestamp:1746886966
2025-05-10T19:22:46,057 - QueueTime.Milliseconds:0.0|#Level:Host|#hostname:pupu-Stvullinc,timestamp:1746886966
2025-05-10T19:22:46,057 - WorkerThreadTime.Milliseconds:4.0|#Level:Host|#hostname:pupu-Stvullinc,timestamp:1746886966
2025-05-10T19:23:10,597 - CPUUtilization.Percent:0.0|#Level:Host|#hostname:pupu-Stvullinc,timestamp:1746886990
2025-05-10T19:23:10,598 - DiskAvailable.Gigabytes:57.93867111206055|#Level:Host|#hostname:pupu-Stvullinc,timestamp:1746886990
2025-05-10T19:23:10,599 - DiskUsage.Gigabytes:80.2431755065918|#Level:Host|#hostname:pupu-Stvullinc,timestamp:1746886990
2025-05-10T19:23:10,599 - DiskUtilization.Percent:58.1|#Level:Host|#hostname:pupu-Stvullinc,timestamp:1746886990
2025-05-10T19:23:10,600 - GPUMemoryUtilization.Percent:7.11669921875|#Level:Host,DeviceId:0|#hostname:pupu-Stvullinc,timestamp:1746886990
2025-05-10T19:23:10,600 - GPUMemoryUsed.Megabytes:583.0|#Level:Host,DeviceId:0|#hostname:pupu-Stvullinc,timestamp:1746886990
2025-05-10T19:23:10,601 - GPUUtilization.Percent:1.0|#Level:Host,DeviceId:0|#hostname:pupu-Stvullinc,timestamp:1746886990
2025-05-10T19:23:10,601 - MemoryAvailable.Megabytes:10973.58203125|#Level:Host|#hostname:pupu-Stvullinc,timestamp:1746886990
2025-05-10T19:23:10,601 - MemoryUsed.Megabytes:4586.40234375|#Level:Host|#hostname:pupu-Stvullinc,timestamp:1746886990
2025-05-10T19:23:10,602 - MemoryUtilization.Percent:31.2|#Level:Host|#hostname:pupu-Stvullinc,timestamp:1746886990
